<?xml version="1.0" encoding="UTF-8"?>
<testsuite xmlns:xsi="http://www.w3.org/2001/XMLSchema-instance" xsi:noNamespaceSchemaLocation="https://maven.apache.org/surefire/maven-surefire-plugin/xsd/surefire-test-report-3.0.xsd" version="3.0" name="com.coffeecode.repository.DictionaryRepositoryTest" time="0.395" tests="3" errors="0" skipped="0" failures="0">
  <properties>
    <property name="java.specification.version" value="23"/>
    <property name="sun.cpu.isalist" value="amd64"/>
    <property name="sun.jnu.encoding" value="Cp1252"/>
    <property name="java.class.path" value="F:\Tugas-campus\binary-search\target\test-classes;F:\Tugas-campus\binary-search\target\classes;C:\Users\YOGA\.m2\repository\org\slf4j\slf4j-api\2.0.9\slf4j-api-2.0.9.jar;C:\Users\YOGA\.m2\repository\ch\qos\logback\logback-classic\1.4.12\logback-classic-1.4.12.jar;C:\Users\YOGA\.m2\repository\ch\qos\logback\logback-core\1.4.12\logback-core-1.4.12.jar;C:\Users\YOGA\.m2\repository\org\projectlombok\lombok\1.18.30\lombok-1.18.30.jar;C:\Users\YOGA\.m2\repository\com\fasterxml\jackson\core\jackson-databind\2.15.2\jackson-databind-2.15.2.jar;C:\Users\YOGA\.m2\repository\com\fasterxml\jackson\core\jackson-annotations\2.15.2\jackson-annotations-2.15.2.jar;C:\Users\YOGA\.m2\repository\com\fasterxml\jackson\core\jackson-core\2.15.2\jackson-core-2.15.2.jar;C:\Users\YOGA\.m2\repository\org\junit\jupiter\junit-jupiter\5.10.0\junit-jupiter-5.10.0.jar;C:\Users\YOGA\.m2\repository\org\junit\jupiter\junit-jupiter-api\5.10.0\junit-jupiter-api-5.10.0.jar;C:\Users\YOGA\.m2\repository\org\opentest4j\opentest4j\1.3.0\opentest4j-1.3.0.jar;C:\Users\YOGA\.m2\repository\org\junit\platform\junit-platform-commons\1.10.0\junit-platform-commons-1.10.0.jar;C:\Users\YOGA\.m2\repository\org\apiguardian\apiguardian-api\1.1.2\apiguardian-api-1.1.2.jar;C:\Users\YOGA\.m2\repository\org\junit\jupiter\junit-jupiter-params\5.10.0\junit-jupiter-params-5.10.0.jar;C:\Users\YOGA\.m2\repository\org\junit\jupiter\junit-jupiter-engine\5.10.0\junit-jupiter-engine-5.10.0.jar;C:\Users\YOGA\.m2\repository\org\junit\platform\junit-platform-engine\1.10.0\junit-platform-engine-1.10.0.jar;C:\Users\YOGA\.m2\repository\org\assertj\assertj-core\3.24.2\assertj-core-3.24.2.jar;C:\Users\YOGA\.m2\repository\net\bytebuddy\byte-buddy\1.12.21\byte-buddy-1.12.21.jar;"/>
    <property name="java.vm.vendor" value="Oracle Corporation"/>
    <property name="sun.arch.data.model" value="64"/>
    <property name="user.variant" value=""/>
    <property name="java.vendor.url" value="https://java.oracle.com/"/>
    <property name="user.timezone" value="Asia/Jakarta"/>
    <property name="user.country.format" value="001"/>
    <property name="os.name" value="Windows 11"/>
    <property name="java.vm.specification.version" value="23"/>
    <property name="user.country" value="US"/>
    <property name="sun.java.launcher" value="SUN_STANDARD"/>
    <property name="sun.boot.library.path" value="F:\packages\java\OpenJDK-23\bin"/>
    <property name="sun.java.command" value="C:\Users\YOGA\AppData\Local\Temp\surefire2752118378428408585\surefirebooter-20250113083719910_3.jar C:\Users\YOGA\AppData\Local\Temp\surefire2752118378428408585 2025-01-13T08-37-19_794-jvmRun1 surefire-20250113083719910_1tmp surefire_0-20250113083719910_2tmp"/>
    <property name="jdk.debug" value="release"/>
    <property name="test" value="com.coffeecode.repository.DictionaryRepositoryTest"/>
    <property name="surefire.test.class.path" value="F:\Tugas-campus\binary-search\target\test-classes;F:\Tugas-campus\binary-search\target\classes;C:\Users\YOGA\.m2\repository\org\slf4j\slf4j-api\2.0.9\slf4j-api-2.0.9.jar;C:\Users\YOGA\.m2\repository\ch\qos\logback\logback-classic\1.4.12\logback-classic-1.4.12.jar;C:\Users\YOGA\.m2\repository\ch\qos\logback\logback-core\1.4.12\logback-core-1.4.12.jar;C:\Users\YOGA\.m2\repository\org\projectlombok\lombok\1.18.30\lombok-1.18.30.jar;C:\Users\YOGA\.m2\repository\com\fasterxml\jackson\core\jackson-databind\2.15.2\jackson-databind-2.15.2.jar;C:\Users\YOGA\.m2\repository\com\fasterxml\jackson\core\jackson-annotations\2.15.2\jackson-annotations-2.15.2.jar;C:\Users\YOGA\.m2\repository\com\fasterxml\jackson\core\jackson-core\2.15.2\jackson-core-2.15.2.jar;C:\Users\YOGA\.m2\repository\org\junit\jupiter\junit-jupiter\5.10.0\junit-jupiter-5.10.0.jar;C:\Users\YOGA\.m2\repository\org\junit\jupiter\junit-jupiter-api\5.10.0\junit-jupiter-api-5.10.0.jar;C:\Users\YOGA\.m2\repository\org\opentest4j\opentest4j\1.3.0\opentest4j-1.3.0.jar;C:\Users\YOGA\.m2\repository\org\junit\platform\junit-platform-commons\1.10.0\junit-platform-commons-1.10.0.jar;C:\Users\YOGA\.m2\repository\org\apiguardian\apiguardian-api\1.1.2\apiguardian-api-1.1.2.jar;C:\Users\YOGA\.m2\repository\org\junit\jupiter\junit-jupiter-params\5.10.0\junit-jupiter-params-5.10.0.jar;C:\Users\YOGA\.m2\repository\org\junit\jupiter\junit-jupiter-engine\5.10.0\junit-jupiter-engine-5.10.0.jar;C:\Users\YOGA\.m2\repository\org\junit\platform\junit-platform-engine\1.10.0\junit-platform-engine-1.10.0.jar;C:\Users\YOGA\.m2\repository\org\assertj\assertj-core\3.24.2\assertj-core-3.24.2.jar;C:\Users\YOGA\.m2\repository\net\bytebuddy\byte-buddy\1.12.21\byte-buddy-1.12.21.jar;"/>
    <property name="sun.cpu.endian" value="little"/>
    <property name="user.home" value="C:\Users\YOGA"/>
    <property name="user.language" value="en"/>
    <property name="java.specification.vendor" value="Oracle Corporation"/>
    <property name="java.version.date" value="2024-09-17"/>
    <property name="java.home" value="F:\packages\java\OpenJDK-23"/>
    <property name="file.separator" value="\"/>
    <property name="basedir" value="F:\Tugas-campus\binary-search"/>
    <property name="java.vm.compressedOopsMode" value="Zero based"/>
    <property name="line.separator" value="&#10;"/>
    <property name="java.vm.specification.vendor" value="Oracle Corporation"/>
    <property name="java.specification.name" value="Java Platform API Specification"/>
    <property name="surefire.real.class.path" value="C:\Users\YOGA\AppData\Local\Temp\surefire2752118378428408585\surefirebooter-20250113083719910_3.jar"/>
    <property name="user.script" value=""/>
    <property name="sun.management.compiler" value="HotSpot 64-Bit Tiered Compilers"/>
    <property name="java.runtime.version" value="23+37-2369"/>
    <property name="user.name" value="YOGA"/>
    <property name="stdout.encoding" value="Cp1252"/>
    <property name="path.separator" value=";"/>
    <property name="os.version" value="10.0"/>
    <property name="java.runtime.name" value="OpenJDK Runtime Environment"/>
    <property name="file.encoding" value="UTF-8"/>
    <property name="java.vm.name" value="OpenJDK 64-Bit Server VM"/>
    <property name="maven.ext.class.path" value="C:\Users\YOGA\.vscode\extensions\oracle.oracle-java-23.0.1\nbcode\java\maven-nblib\netbeans-eventspy.jar"/>
    <property name="localRepository" value="C:\Users\YOGA\.m2\repository"/>
    <property name="java.vendor.url.bug" value="https://bugreport.java.com/bugreport/"/>
    <property name="java.io.tmpdir" value="C:\Users\YOGA\AppData\Local\Temp\"/>
    <property name="java.version" value="23"/>
    <property name="user.dir" value="F:\Tugas-campus\binary-search"/>
    <property name="os.arch" value="amd64"/>
    <property name="java.vm.specification.name" value="Java Virtual Machine Specification"/>
    <property name="sun.os.patch.level" value=""/>
    <property name="native.encoding" value="Cp1252"/>
    <property name="java.library.path" value="F:\packages\java\OpenJDK-23\bin;C:\WINDOWS\Sun\Java\bin;C:\WINDOWS\system32;C:\WINDOWS;C:\Program Files\Eclipse Adoptium\jre-21.0.5.11-hotspot\bin;C:\Program Files\Common Files\Oracle\Java\javapath;C:\Program Files (x86)\Common Files\Oracle\Java\java8path;C:\Program Files (x86)\Common Files\Oracle\Java\javapath;C:\WINDOWS\system32;C:\WINDOWS;C:\WINDOWS\System32\Wbem;C:\WINDOWS\System32\WindowsPowerShell\v1.0\;C:\WINDOWS\System32\OpenSSH\;C:\Program Files\Git\cmd;C:\Program Files\Docker\Docker\resources\bin;C:\ProgramData\chocolatey\bin;C:\Program Files (x86)\Microsoft SQL Server\160\DTS\Binn\;C:\Users\YOGA\.local\bin;C:\Program Files\Microsoft SQL Server\150\Tools\Binn\;C:\Program Files\Microsoft SQL Server\Client SDK\ODBC\170\Tools\Binn\;C:\Program Files\Microsoft SQL Server\120\Tools\Binn\;C:\Program Files\Microsoft SQL Server\Client SDK\ODBC\110\Tools\Binn\;C:\Program Files (x86)\Microsoft SQL Server\120\Tools\Binn\;C:\Program Files\Microsoft SQL Server\120\DTS\Binn\;C:\Program Files (x86)\Microsoft SQL Server\120\Tools\Binn\ManagementStudio\;C:\Program Files (x86)\Microsoft SQL Server\120\DTS\Binn\;%JAVA_HOME%\bin;C:\Program Files\dotnet\;C:\Program Files\CMake\bin;C:\Program Files\GitHub CLI\;C:\Users\YOGA\scoop\apps\python\current\Scripts;C:\Users\YOGA\scoop\apps\python\current;C:\Users\YOGA\go\bin;C:\Users\YOGA\scoop\apps\nodejs-lts\current\bin;C:\Users\YOGA\scoop\apps\nodejs-lts\current;C:\Users\YOGA\scoop\shims;C:\Users\YOGA\AppData\Local\Microsoft\WindowsApps;C:\Users\YOGA\AppData\Local\Programs\Microsoft VS Code\bin;C:\Users\YOGA\AppData\Local\GitHubDesktop\bin;C:\Users\YOGA\AppData\Local\Programs\oh-my-posh\bin;C:\Program Files\JetBrains\PyCharm Community Edition 2024.1.2\bin;c:\users\yoga\.local\bin;c:\users\yoga\appdata\roaming\python\python312\scripts;C:\Users\YOGA\AppData\Local\Programs\Ollama;C:\Users\YOGA\.local\bin;C:\Users\YOGA\.dotnet\tools;C:\Program Files\Java\jdk-23\bin;C:\Program Files\Apache\Maven\apache-maven-3.9.9\bin;C:\Program Files\JetBrains\IntelliJ IDEA Community Edition 2024.3.1\bin;C:\Users\YOGA\AppData\Local\JetBrains\Toolbox\scripts;."/>
    <property name="java.vm.info" value="mixed mode, sharing"/>
    <property name="stderr.encoding" value="Cp1252"/>
    <property name="java.vendor" value="Oracle Corporation"/>
    <property name="java.vm.version" value="23+37-2369"/>
    <property name="sun.io.unicode.encoding" value="UnicodeLittle"/>
    <property name="java.class.version" value="67.0"/>
  </properties>
  <testcase name="shouldInitializeWithValidData" classname="com.coffeecode.repository.DictionaryRepositoryTest" time="0.369">
    <system-out><![CDATA[virtual THREAD FACTORY
08:37:20,521 |-INFO in ch.qos.logback.classic.LoggerContext[default] - This is logback-classic version 1.4.12
08:37:20,522 |-INFO in ch.qos.logback.classic.util.ContextInitializer@2a3888c1 - No custom configurators were discovered as a service.
08:37:20,522 |-INFO in ch.qos.logback.classic.util.ContextInitializer@2a3888c1 - Trying to configure with ch.qos.logback.classic.joran.SerializedModelConfigurator
08:37:20,523 |-INFO in ch.qos.logback.classic.util.ContextInitializer@2a3888c1 - Constructed configurator of type class ch.qos.logback.classic.joran.SerializedModelConfigurator
08:37:20,528 |-INFO in ch.qos.logback.classic.LoggerContext[default] - Could NOT find resource [logback-test.scmo]
08:37:20,528 |-INFO in ch.qos.logback.classic.LoggerContext[default] - Could NOT find resource [logback.scmo]
08:37:20,533 |-INFO in ch.qos.logback.classic.util.ContextInitializer@2a3888c1 - ch.qos.logback.classic.joran.SerializedModelConfigurator.configure() call lasted 6 milliseconds. ExecutionStatus=INVOKE_NEXT_IF_ANY
08:37:20,533 |-INFO in ch.qos.logback.classic.util.ContextInitializer@2a3888c1 - Trying to configure with ch.qos.logback.classic.util.DefaultJoranConfigurator
08:37:20,537 |-INFO in ch.qos.logback.classic.util.ContextInitializer@2a3888c1 - Constructed configurator of type class ch.qos.logback.classic.util.DefaultJoranConfigurator
08:37:20,539 |-INFO in ch.qos.logback.classic.LoggerContext[default] - Could NOT find resource [logback-test.xml]
08:37:20,543 |-INFO in ch.qos.logback.classic.LoggerContext[default] - Found resource [logback.xml] at [file:/F:/Tugas-campus/binary-search/target/classes/logback.xml]
08:37:20,614 |-INFO in ch.qos.logback.classic.model.processor.ConfigurationModelHandlerFull - Registering a new ReconfigureOnChangeTask ReconfigureOnChangeTask(born:1736732240613)
08:37:20,615 |-INFO in ch.qos.logback.classic.model.processor.ConfigurationModelHandlerFull - Will scan for changes in [file:/F:/Tugas-campus/binary-search/target/classes/logback.xml] 
08:37:20,615 |-INFO in ch.qos.logback.classic.model.processor.ConfigurationModelHandlerFull - Setting ReconfigureOnChangeTask scanning period to 30 seconds
08:37:20,619 |-INFO in ch.qos.logback.core.model.processor.AppenderModelHandler - Processing appender named [Console]
08:37:20,619 |-INFO in ch.qos.logback.core.model.processor.AppenderModelHandler - About to instantiate appender of type [ch.qos.logback.core.ConsoleAppender]
08:37:20,623 |-INFO in ch.qos.logback.core.model.processor.ImplicitModelHandler - Assuming default type [ch.qos.logback.classic.encoder.PatternLayoutEncoder] for [encoder] property
08:37:20,645 |-INFO in ch.qos.logback.core.model.processor.AppenderModelHandler - Processing appender named [RollingFile]
08:37:20,645 |-INFO in ch.qos.logback.core.model.processor.AppenderModelHandler - About to instantiate appender of type [ch.qos.logback.core.rolling.RollingFileAppender]
08:37:20,649 |-INFO in ch.qos.logback.core.model.processor.ImplicitModelHandler - Assuming default type [ch.qos.logback.classic.encoder.PatternLayoutEncoder] for [encoder] property
08:37:20,655 |-INFO in c.q.l.core.rolling.SizeAndTimeBasedRollingPolicy@1097324923 - setting totalSizeCap to 1 GB
08:37:20,656 |-INFO in c.q.l.core.rolling.SizeAndTimeBasedRollingPolicy@1097324923 - Archive files will be limited to [10 MB] each.
08:37:20,658 |-INFO in c.q.l.core.rolling.SizeAndTimeBasedRollingPolicy@1097324923 - Will use gz compression
08:37:20,660 |-INFO in c.q.l.core.rolling.SizeAndTimeBasedRollingPolicy@1097324923 - Will use the pattern logs/archive/%d{yyyy-MM-dd}/application-%d{yyyy-MM-dd}-%i.log for the active file
08:37:20,664 |-INFO in ch.qos.logback.core.rolling.SizeAndTimeBasedFNATP@14fa86ae - The date pattern is 'yyyy-MM-dd' from file name pattern 'logs/archive/%d{yyyy-MM-dd}/application-%d{yyyy-MM-dd}-%i.log.gz'.
08:37:20,664 |-INFO in ch.qos.logback.core.rolling.SizeAndTimeBasedFNATP@14fa86ae - Roll-over at midnight.
08:37:20,665 |-INFO in ch.qos.logback.core.rolling.SizeAndTimeBasedFNATP@14fa86ae - Setting initial period to 2025-01-13T01:37:18.165Z
08:37:20,666 |-INFO in ch.qos.logback.core.rolling.RollingFileAppender[RollingFile] - Active log file name: logs/application.log
08:37:20,667 |-INFO in ch.qos.logback.core.rolling.RollingFileAppender[RollingFile] - File property is set to [logs/application.log]
08:37:20,667 |-WARN in ch.qos.logback.core.model.processor.AppenderModelHandler - Appender named [Async] not referenced. Skipping further processing.
08:37:20,668 |-INFO in ch.qos.logback.classic.model.processor.LoggerModelHandler - Setting level of logger [com.coffeecode] to DEBUG
08:37:20,668 |-INFO in ch.qos.logback.classic.model.processor.RootLoggerModelHandler - Setting level of ROOT logger to INFO
08:37:20,668 |-INFO in ch.qos.logback.core.model.processor.AppenderRefModelHandler - Attaching appender named [Console] to Logger[ROOT]
08:37:20,668 |-INFO in ch.qos.logback.core.model.processor.AppenderRefModelHandler - Attaching appender named [RollingFile] to Logger[ROOT]
08:37:20,668 |-INFO in ch.qos.logback.core.model.processor.DefaultProcessor@6e15fe2 - End of configuration.
08:37:20,670 |-INFO in ch.qos.logback.classic.joran.JoranConfigurator@68f1b17f - Registering current configuration as safe fallback point
08:37:20,670 |-INFO in ch.qos.logback.classic.util.ContextInitializer@2a3888c1 - ch.qos.logback.classic.util.DefaultJoranConfigurator.configure() call lasted 133 milliseconds. ExecutionStatus=DO_NOT_INVOKE_NEXT_IF_ANY

08:37:20.770 [main] &amp#27;[34mINFO &amp#27;[0;39m &amp#27;[36mc.c.loader.JsonDictionaryLoader&amp#27;[0;39m - JsonDictionaryLoader initialized
08:37:20.771 [main] &amp#27;[39mDEBUG&amp#27;[0;39m &amp#27;[36mc.c.repository.DictionaryRepository&amp#27;[0;39m - DictionaryRepository created with loader: JsonDictionaryLoader
08:37:20.777 [main] &amp#27;[34mINFO &amp#27;[0;39m &amp#27;[36mc.c.repository.DictionaryRepository&amp#27;[0;39m - Initializing dictionary from source: /data/wordsdictionary.json
08:37:20.777 [main] &amp#27;[34mINFO &amp#27;[0;39m &amp#27;[36mc.c.loader.JsonDictionaryLoader&amp#27;[0;39m - Loading dictionary from: /data/wordsdictionary.json
08:37:20.849 [main] &amp#27;[34mINFO &amp#27;[0;39m &amp#27;[36mc.c.loader.JsonDictionaryLoader&amp#27;[0;39m - Successfully loaded 52 words
08:37:20.849 [main] &amp#27;[34mINFO &amp#27;[0;39m &amp#27;[36mc.c.repository.DictionaryRepository&amp#27;[0;39m - Dictionary initialized with 52 words
]]></system-out>
  </testcase>
  <testcase name="shouldThrowExceptionForInvalidSource" classname="com.coffeecode.repository.DictionaryRepositoryTest" time="0.005">
    <system-out><![CDATA[08:37:20.857 [main] &amp#27;[34mINFO &amp#27;[0;39m &amp#27;[36mc.c.loader.JsonDictionaryLoader&amp#27;[0;39m - JsonDictionaryLoader initialized
08:37:20.857 [main] &amp#27;[39mDEBUG&amp#27;[0;39m &amp#27;[36mc.c.repository.DictionaryRepository&amp#27;[0;39m - DictionaryRepository created with loader: JsonDictionaryLoader
08:37:20.858 [main] &amp#27;[34mINFO &amp#27;[0;39m &amp#27;[36mc.c.repository.DictionaryRepository&amp#27;[0;39m - Initializing dictionary from source: /invalid/path.json
08:37:20.858 [main] &amp#27;[34mINFO &amp#27;[0;39m &amp#27;[36mc.c.loader.JsonDictionaryLoader&amp#27;[0;39m - Loading dictionary from: /invalid/path.json
08:37:20.859 [main] &amp#27;[1;31mERROR&amp#27;[0;39m &amp#27;[36mc.c.loader.JsonDictionaryLoader&amp#27;[0;39m - Resource not found: /invalid/path.json
08:37:20.859 [main] &amp#27;[1;31mERROR&amp#27;[0;39m &amp#27;[36mc.c.repository.DictionaryRepository&amp#27;[0;39m - Failed to initialize dictionary - no data loaded
]]></system-out>
  </testcase>
  <testcase name="shouldThrowExceptionWhenUninitialized" classname="com.coffeecode.repository.DictionaryRepositoryTest" time="0.002">
    <system-out><![CDATA[08:37:20.863 [main] &amp#27;[34mINFO &amp#27;[0;39m &amp#27;[36mc.c.loader.JsonDictionaryLoader&amp#27;[0;39m - JsonDictionaryLoader initialized
08:37:20.863 [main] &amp#27;[39mDEBUG&amp#27;[0;39m &amp#27;[36mc.c.repository.DictionaryRepository&amp#27;[0;39m - DictionaryRepository created with loader: JsonDictionaryLoader
08:37:20.864 [main] &amp#27;[1;31mERROR&amp#27;[0;39m &amp#27;[36mc.c.repository.DictionaryRepository&amp#27;[0;39m - Attempted to access uninitialized dictionary
]]></system-out>
  </testcase>
</testsuite>